<?xml version="1.0" encoding="UTF-8"?>
<!-- Generated by org.testng.reporters.JUnitReportReporter -->
<testsuite hostname="SOOMIN-SAC-217" failures="0" tests="3" name="testNG.AccountTest" time="0.008" errors="0" timestamp="30 Aug 2022 19:11:33 GMT" skipped="0">
  <testcase classname="testNG.AccountTest" name="SavingAccountTest1" time="0.005"/>
  <testcase classname="testNG.AccountTest" name="SavingAccountTest2" time="0.002"/>
  <testcase classname="testNG.AccountTest" name="CheckingAccountTest1" time="0.001"/>
</testsuite> <!-- testNG.AccountTest -->
