<?xml version="1.0" encoding="UTF-8"?>
<!-- Generated by org.testng.reporters.JUnitReportReporter -->
<testsuite hostname="SOOMIN-SAC-217" failures="0" tests="1" name="testNG.LoanTest" time="0.008" errors="0" timestamp="30 Aug 2022 19:09:46 GMT" skipped="0">
  <testcase classname="testNG.LoanTest" name="PersonalLoanTest1" time="0.008"/>
</testsuite> <!-- testNG.LoanTest -->
