<?xml version="1.0" encoding="UTF-8"?>
<!-- Generated by org.testng.reporters.JUnitReportReporter -->
<testsuite hostname="SOOMIN-SAC-217" failures="0" tests="2" name="wdTestNG.SimplilearnLoginTest" time="9.909" errors="0" timestamp="30 Aug 2022 20:01:47 GMT" skipped="0">
  <testcase classname="wdTestNG.SimplilearnLoginTest" name="NegativeTest" time="6.457"/>
  <testcase classname="wdTestNG.SimplilearnLoginTest" name="PositiveTest" time="3.452"/>
</testsuite> <!-- wdTestNG.SimplilearnLoginTest -->
