<?xml version="1.0" encoding="UTF-8"?>
<!-- Generated by org.testng.reporters.JUnitReportReporter -->
<testsuite hostname="SOOMIN-SAC-217" failures="0" tests="1" name="wdTestNG.HomePageTest" time="2.091" errors="0" timestamp="30 Aug 2022 20:29:37 GMT" skipped="0">
  <testcase classname="wdTestNG.HomePageTest" name="Test1" time="2.091"/>
</testsuite> <!-- wdTestNG.HomePageTest -->
